-41.1106	0.992192	0.669119
500
-65.2114	0.924803	0.543401
-75.2233	0.563818	0.148925
-75.1276	0.586261	0.159076
-75.0439	0.645131	0.204978
-75.0904	0.633238	0.202025
-75.21	0.591005	0.180053
-75.8237	0.573251	0.171186
-76.9819	0.46049	0.135575
-77.3052	0.440911	0.0746119
-78.2197	0.401154	0.174307
-78.6064	0.290541	0.095045
-78.1328	0.343431	0.098657
-77.5329	0.374494	0.0849604
-76.0374	0.513712	0.114373
-74.6556	0.653532	0.155437
-73.2833	0.679438	0.243471
-72.1996	0.706308	0.263684
-70.6736	0.757617	0.126212
-68.7847	0.796919	0.21661
-67.7469	0.802223	0.256207
-67.4788	0.785607	0.345581
-66.2697	0.803449	0.288494
-65.6903	0.824695	0.30815
-66.5777	0.811424	0.303956
-68.0289	0.786588	0.218165
-70.0644	0.788597	0.151758
-71.8297	0.7723	0.191626
-71.3309	0.795719	0.236145
-70.8081	0.810885	0.262386
-71.9294	0.707612	0.284304
-72.4166	0.572635	0.163711
-71.0269	0.614358	0.251229
-70.9172	0.544393	0.122913
-73.0989	0.479722	0.16108
-74.2689	0.673469	0.168948
-73.4641	0.730218	0.331369
-56.7083	0.445403	0.324916
-32.917	0.908581	0.38295
465.116
-27.8295	0.924676	0.35735
-27.2255	0.918438	0.49461
130.719
-28.1039	0.907781	0.682376
259.74
-27.3276	0.930593	0.792017
256.41
-28.3938	0.945902	0.796982
256.41
-34.0157	0.943281	0.468572
259.74
-51.7004	0.987529	0.66023
-36.1495	0.496633	0.338171
-28.1428	-0.228908	0.195391
-26.7589	0.00670484	0.231449
-24.0629	0.883458	0.759241
294.118
-20.5015	0.963536	0.858619
294.118
-18.2778	0.965608	0.880977
294.118
-17.8222	0.963201	0.883384
298.507
-19.5066	0.954801	0.858083
298.507
-21.9627	0.95368	0.865205
298.507
-24.1237	0.942219	0.837518
294.118
-27.4358	0.929306	0.740838
285.714
-32.36	0.90986	0.631879
277.778
-43.2814	0.985833	0.586625
219.78
-49.4754	0.975661	0.510955
-60.2106	0.897816	0.270954
-55.935	0.894648	0.0890416
-54.7705	0.920564	0.138758
-51.3493	0.98029	0.397794
-44.3933	0.989984	0.591559
198.02
-41.4065	0.988388	0.598687
235.294
-36.9311	0.979648	0.734578
256.41
-29.4583	0.968088	0.775122
266.667
-25.5709	0.973812	0.875552
266.667
-24.4095	0.969703	0.839883
263.158
-24.1426	0.962204	0.860069
263.158
-24.6165	0.965912	0.862703
259.74
-27.5183	0.960223	0.816599
256.41
-32.2186	0.98411	0.728012
250
-33.7002	0.992156	0.849026
238.095
-36.5182	0.992078	0.776676
224.719
-42.9794	0.991365	0.470883
208.333
-62.0979	0.948285	0.26081
-70.401	0.845545	0.201781
-71.3481	0.834731	0.293805
-72.7623	0.807037	0.116874
-38.445	0.311783	0.135346
-35.2742	0.0693982	0.151718
-35.933	-0.320847	0.124935
-36.734	-0.529687	0.154558
-36.5702	-0.582335	0.098661
-35.9841	-0.699564	0.140841
-34.2417	-0.749559	0.199451
-33.2853	-0.728351	0.154182
-34.2181	-0.638071	0.206853
-38.3171	-0.506679	0.162129
-53.7595	0.597172	0.125131
-61.822	0.752472	0.0757813
-45.2364	0.816907	0.172119
-30.249	0.970839	0.594874
263.158
-25.678	0.972567	0.714688
246.914
-23.8533	0.966457	0.871743
243.902
-24.9323	0.966667	0.843395
240.964
-29.3238	0.973229	0.713202
240.964
-32.0139	0.994026	0.829851
232.558
-31.3398	0.995396	0.859752
235.294
-31.1994	0.995718	0.857474
235.294
-31.214	0.994546	0.85964
238.095
-31.3495	0.994367	0.863387
238.095
-31.8892	0.994673	0.860246
240.964
-32.3984	0.994477	0.862612
243.902
-32.6618	0.992383	0.844995
243.902
-31.2779	0.988604	0.783606
250
-27.464	0.981072	0.845939
253.165
-24.953	0.981508	0.86942
253.165
-23.9275	0.977979	0.8702
256.41
-23.6042	0.979084	0.864972
256.41
-23.6944	0.982304	0.865681
253.165
-24.8319	0.980628	0.876871
250
-28.9935	0.980341	0.767978
250
-42.5708	0.850738	0.503043
240.964
-49.6928	-0.326212	0.186245
-48.4271	-0.326883	0.169309
-42.8286	0.746407	0.304819
-35.6741	0.974766	0.706225
246.914
-33.2842	0.991425	0.795067
243.902
-33.1062	0.995201	0.870814
243.902
-33.9545	0.996331	0.871835
246.914
-37.2429	0.992614	0.837749
246.914
-44.5155	0.989829	0.602112
246.914
-36.0767	0.641455	0.358857
-33.6212	0.558719	0.208682
-35.486	0.532221	0.259688
-38.8507	0.71718	0.160942
-41.3359	0.810606	0.175365
-42.4959	0.872651	0.209355
-32.5241	0.974887	0.66089
263.158
-28.0459	0.949205	0.727472
253.165
-26.3117	0.933807	0.767061
243.902
-26.8536	0.94052	0.846837
243.902
-29.9247	0.95919	0.772168
243.902
-32.1791	0.994148	0.844311
238.095
-31.6806	0.995432	0.86015
240.964
-32.0117	0.995671	0.863165
240.964
-33.915	0.996241	0.867475
240.964
-39.0429	0.988132	0.664663
243.902
-43.1576	0.685858	0.188486
-33.5669	0.0510007	0.195734
-30.2031	-0.0620965	0.127273
-31.3631	0.0158745	0.164449
-36.7425	0.353505	0.345429
-42.7971	0.377123	0.205772
-46.7403	0.771706	0.330923
-65.4557	0.755293	0.060348
-71.8849	0.793057	0.255217
-75.4287	0.534294	0.143515
-76.6785	0.491403	0.115735
-41.2742	0.836361	0.249479
-37.513	0.862276	0.276432
-34.2785	0.909484	0.467623
263.158
-31.127	0.936322	0.6431
256.41
-30.0433	0.945207	0.806928
253.165
-28.6025	0.940139	0.775327
253.165
-26.1784	0.938358	0.791331
250
-25.0298	0.936954	0.827773
243.902
-25.5666	0.943229	0.81986
240.964
-26.5282	0.949061	0.818153
238.095
-27.3501	0.950142	0.823861
232.558
-27.9131	0.959264	0.807332
227.273
-27.9903	0.962432	0.829863
224.719
-28.7231	0.968226	0.834065
219.78
-29.5466	0.976305	0.826187
217.391
-30.5094	0.97938	0.832474
215.054
-31.6147	0.98688	0.835789
215.054
-32.6719	0.988594	0.83208
215.054
-34.2934	0.992502	0.840428
212.766
-35.2809	0.994322	0.775593
208.333
-35.0153	0.995592	0.85004
210.526
-34.9037	0.995672	0.836951
210.526
-34.9534	0.996131	0.844856
210.526
-35.3111	0.995725	0.843153
210.526
-35.8155	0.994911	0.831317
215.054
-36.6819	0.996262	0.833522
224.719
-38.6499	0.99343	0.84413
232.558
-41.1976	0.982447	0.78676
232.558
-44.9989	0.948494	0.695276
227.273
-45.9244	-0.536122	0.188813
-42.1898	-0.785286	0.205992
-41.3828	-0.772023	0.142654
-41.9113	-0.735847	0.190966
-41.3586	-0.75276	0.229894
-42.145	-0.741926	0.195122
-45.0902	-0.649432	0.159931
-48.3428	-0.578479	0.159245
-57.3028	-0.284162	0.187233
-65.0652	0.577592	0.250937
-69.9046	0.864234	0.419096
-73.4255	0.747532	0.363997
-76.3718	0.568765	0.177449
-77.8906	0.399102	0.163977
-78.1162	0.408309	0.108239
-78.6779	0.325701	0.159817
-77.7756	0.376302	0.225818
